# JRE version: Java(TM) SE Runtime Environment (7.0_80-b15) (build 1.7.0_80-b15)
# Java VM: Java HotSpot(TM) 64-Bit Server VM (24.80-b11 mixed mode linux-amd64 compressed oops)
Heap
 PSYoungGen      total 98816K, used 5120K [0x00000007d6800000, 0x00000007df000000, 0x0000000800000000)
  eden space 93696K, 0% used [0x00000007d6800000,0x00000007d6800000,0x00000007dc380000)
  from space 5120K, 100% used [0x00000007de600000,0x00000007deb00000,0x00000007deb00000)
  to   space 5120K, 0% used [0x00000007deb00000,0x00000007deb00000,0x00000007df000000)
 ParOldGen       total 325120K, used 260049K [0x0000000783800000, 0x0000000797580000, 0x00000007d6800000)
  object space 325120K, 79% used [0x0000000783800000,0x00000007935f4668,0x0000000797580000)
 PSPermGen       total 21504K, used 2447K [0x000000077e600000, 0x000000077fb00000, 0x0000000783800000)
  object space 21504K, 11% used [0x000000077e600000,0x000000077e863f40,0x000000077fb00000)
GC Heap History (10 events):
Event: 0,232 GC heap after
Heap after GC invocations=2 (full 0):
 PSYoungGen      total 69632K, used 5088K [0x00000007d6800000, 0x00000007db100000, 0x0000000800000000)
  eden space 64512K, 0% used [0x00000007d6800000,0x00000007d6800000,0x00000007da700000)
  from space 5120K, 99% used [0x00000007dac00000,0x00000007db0f8030,0x00000007db100000)
  to   space 5120K, 0% used [0x00000007da700000,0x00000007da700000,0x00000007dac00000)
 ParOldGen       total 84992K, used 50688K [0x0000000783800000, 0x0000000788b00000, 0x00000007d6800000)
  object space 84992K, 59% used [0x0000000783800000,0x0000000786980010,0x0000000788b00000)
 PSPermGen       total 21504K, used 2448K [0x000000077e600000, 0x000000077fb00000, 0x0000000783800000)
  object space 21504K, 11% used [0x000000077e600000,0x000000077e8642a0,0x000000077fb00000)
}
Event: 0,273 GC heap before
{Heap before GC invocations=3 (full 0):
 PSYoungGen      total 69632K, used 67026K [0x00000007d6800000, 0x00000007db100000, 0x0000000800000000)
  eden space 64512K, 96% used [0x00000007d6800000,0x00000007da47ca60,0x00000007da700000)
  from space 5120K, 99% used [0x00000007dac00000,0x00000007db0f8030,0x00000007db100000)
  to   space 5120K, 0% used [0x00000007da700000,0x00000007da700000,0x00000007dac00000)
 ParOldGen       total 84992K, used 50688K [0x0000000783800000, 0x0000000788b00000, 0x00000007d6800000)
  object space 84992K, 59% used [0x0000000783800000,0x0000000786980010,0x0000000788b00000)
 PSPermGen       total 21504K, used 2448K [0x000000077e600000, 0x000000077fb00000, 0x0000000783800000)
  object space 21504K, 11% used [0x000000077e600000,0x000000077e8642a0,0x000000077fb00000)
Event: 0,341 GC heap after
Heap after GC invocations=3 (full 0):
 PSYoungGen      total 69632K, used 5104K [0x00000007d6800000, 0x00000007df000000, 0x0000000800000000)
  eden space 64512K, 0% used [0x00000007d6800000,0x00000007d6800000,0x00000007da700000)
  from space 5120K, 99% used [0x00000007da700000,0x00000007dabfc020,0x00000007dac00000)
  to   space 5120K, 0% used [0x00000007deb00000,0x00000007deb00000,0x00000007df000000)
 ParOldGen       total 109056K, used 108224K [0x0000000783800000, 0x000000078a280000, 0x00000007d6800000)
  object space 109056K, 99% used [0x0000000783800000,0x000000078a1b0020,0x000000078a280000)
 PSPermGen       total 21504K, used 2448K [0x000000077e600000, 0x000000077fb00000, 0x0000000783800000)
  object space 21504K, 11% used [0x000000077e600000,0x000000077e8642a0,0x000000077fb00000)
}
Event: 0,341 GC heap before
{Heap before GC invocations=4 (full 1):
 PSYoungGen      total 69632K, used 5104K [0x00000007d6800000, 0x00000007df000000, 0x0000000800000000)
  eden space 64512K, 0% used [0x00000007d6800000,0x00000007d6800000,0x00000007da700000)
  from space 5120K, 99% used [0x00000007da700000,0x00000007dabfc020,0x00000007dac00000)
  to   space 5120K, 0% used [0x00000007deb00000,0x00000007deb00000,0x00000007df000000)
 ParOldGen       total 109056K, used 108224K [0x0000000783800000, 0x000000078a280000, 0x00000007d6800000)
  object space 109056K, 99% used [0x0000000783800000,0x000000078a1b0020,0x000000078a280000)
 PSPermGen       total 21504K, used 2448K [0x000000077e600000, 0x000000077fb00000, 0x0000000783800000)
  object space 21504K, 11% used [0x000000077e600000,0x000000077e8642a0,0x000000077fb00000)
Event: 0,748 GC heap after
Heap after GC invocations=4 (full 1):
 PSYoungGen      total 69632K, used 5102K [0x00000007d6800000, 0x00000007df000000, 0x0000000800000000)
  eden space 64512K, 0% used [0x00000007d6800000,0x00000007d6800000,0x00000007da700000)
  from space 5120K, 99% used [0x00000007da700000,0x00000007dabfbb38,0x00000007dac00000)
  to   space 5120K, 0% used [0x00000007deb00000,0x00000007deb00000,0x00000007df000000)
 ParOldGen       total 216064K, used 105709K [0x0000000783800000, 0x0000000790b00000, 0x00000007d6800000)
  object space 216064K, 48% used [0x0000000783800000,0x0000000789f3b4b0,0x0000000790b00000)
 PSPermGen       total 21504K, used 2447K [0x000000077e600000, 0x000000077fb00000, 0x0000000783800000)
  object space 21504K, 11% used [0x000000077e600000,0x000000077e863f40,0x000000077fb00000)
}
Event: 0,786 GC heap before
{Heap before GC invocations=5 (full 1):
 PSYoungGen      total 69632K, used 69614K [0x00000007d6800000, 0x00000007df000000, 0x0000000800000000)
  eden space 64512K, 100% used [0x00000007d6800000,0x00000007da700000,0x00000007da700000)
  from space 5120K, 99% used [0x00000007da700000,0x00000007dabfbb38,0x00000007dac00000)
  to   space 5120K, 0% used [0x00000007deb00000,0x00000007deb00000,0x00000007df000000)
 ParOldGen       total 216064K, used 105709K [0x0000000783800000, 0x0000000790b00000, 0x00000007d6800000)
  object space 216064K, 48% used [0x0000000783800000,0x0000000789f3b4b0,0x0000000790b00000)
 PSPermGen       total 21504K, used 2447K [0x000000077e600000, 0x000000077fb00000, 0x0000000783800000)
  object space 21504K, 11% used [0x000000077e600000,0x000000077e863f40,0x000000077fb00000)
Event: 0,980 GC heap after
Heap after GC invocations=5 (full 1):
 PSYoungGen      total 98816K, used 5120K [0x00000007d6800000, 0x00000007df000000, 0x0000000800000000)
  eden space 93696K, 0% used [0x00000007d6800000,0x00000007d6800000,0x00000007dc380000)
  from space 5120K, 100% used [0x00000007deb00000,0x00000007df000000,0x00000007df000000)
  to   space 5120K, 0% used [0x00000007de600000,0x00000007de600000,0x00000007deb00000)
 ParOldGen       total 216064K, used 166357K [0x0000000783800000, 0x0000000790b00000, 0x00000007d6800000)
  object space 216064K, 76% used [0x0000000783800000,0x000000078da754c0,0x0000000790b00000)
 PSPermGen       total 21504K, used 2447K [0x000000077e600000, 0x000000077fb00000, 0x0000000783800000)
  object space 21504K, 11% used [0x000000077e600000,0x000000077e863f40,0x000000077fb00000)
}
Event: 0,980 GC heap before
{Heap before GC invocations=6 (full 2):
 PSYoungGen      total 98816K, used 5120K [0x00000007d6800000, 0x00000007df000000, 0x0000000800000000)
  eden space 93696K, 0% used [0x00000007d6800000,0x00000007d6800000,0x00000007dc380000)
  from space 5120K, 100% used [0x00000007deb00000,0x00000007df000000,0x00000007df000000)
  to   space 5120K, 0% used [0x00000007de600000,0x00000007de600000,0x00000007deb00000)
 ParOldGen       total 216064K, used 166357K [0x0000000783800000, 0x0000000790b00000, 0x00000007d6800000)
  object space 216064K, 76% used [0x0000000783800000,0x000000078da754c0,0x0000000790b00000)
 PSPermGen       total 21504K, used 2447K [0x000000077e600000, 0x000000077fb00000, 0x0000000783800000)
  object space 21504K, 11% used [0x000000077e600000,0x000000077e863f40,0x000000077fb00000)
Event: 1,364 GC heap after
Heap after GC invocations=6 (full 2):
 PSYoungGen      total 98816K, used 0K [0x00000007d6800000, 0x00000007df000000, 0x0000000800000000)
  eden space 93696K, 0% used [0x00000007d6800000,0x00000007d6800000,0x00000007dc380000)
  from space 5120K, 0% used [0x00000007deb00000,0x00000007deb00000,0x00000007df000000)
  to   space 5120K, 0% used [0x00000007de600000,0x00000007de600000,0x00000007deb00000)
 ParOldGen       total 325120K, used 171225K [0x0000000783800000, 0x0000000797580000, 0x00000007d6800000)
  object space 325120K, 52% used [0x0000000783800000,0x000000078df36648,0x0000000797580000)
 PSPermGen       total 21504K, used 2447K [0x000000077e600000, 0x000000077fb00000, 0x0000000783800000)
  object space 21504K, 11% used [0x000000077e600000,0x000000077e863f40,0x000000077fb00000)
}
Event: 1,421 GC heap before
{Heap before GC invocations=7 (full 2):
 PSYoungGen      total 98816K, used 93696K [0x00000007d6800000, 0x00000007df000000, 0x0000000800000000)
  eden space 93696K, 100% used [0x00000007d6800000,0x00000007dc380000,0x00000007dc380000)
  from space 5120K, 0% used [0x00000007deb00000,0x00000007deb00000,0x00000007df000000)
  to   space 5120K, 0% used [0x00000007de600000,0x00000007de600000,0x00000007deb00000)
 ParOldGen       total 325120K, used 171225K [0x0000000783800000, 0x0000000797580000, 0x00000007d6800000)
  object space 325120K, 52% used [0x0000000783800000,0x000000078df36648,0x0000000797580000)
 PSPermGen       total 21504K, used 2447K [0x000000077e600000, 0x000000077fb00000, 0x0000000783800000)
  object space 21504K, 11% used [0x000000077e600000,0x000000077e863f40,0x000000077fb00000)

