# JRE version: Java(TM) SE Runtime Environment (7.0_80-b15) (build 1.7.0_80-b15)
# Java VM: Java HotSpot(TM) 64-Bit Server VM (24.80-b11 mixed mode linux-amd64 compressed oops)
Heap
 PSYoungGen      total 236032K, used 107008K [0x00000007d6800000, 0x00000007ec700000, 0x0000000800000000)
  eden space 129024K, 0% used [0x00000007d6800000,0x00000007d6800000,0x00000007de600000)
  from space 107008K, 100% used [0x00000007e5e80000,0x00000007ec700000,0x00000007ec700000)
  to   space 5120K, 0% used [0x00000007de600000,0x00000007de600000,0x00000007deb00000)
 ParOldGen       total 451072K, used 274368K [0x0000000783800000, 0x000000079f080000, 0x00000007d6800000)
  object space 451072K, 60% used [0x0000000783800000,0x00000007943f0108,0x000000079f080000)
 PSPermGen       total 21504K, used 2448K [0x000000077e600000, 0x000000077fb00000, 0x0000000783800000)
  object space 21504K, 11% used [0x000000077e600000,0x000000077e864170,0x000000077fb00000)
GC Heap History (10 events):
Event: 0,652 GC heap after
Heap after GC invocations=4 (full 1):
 PSYoungGen      total 69632K, used 0K [0x00000007d6800000, 0x00000007df000000, 0x0000000800000000)
  eden space 64512K, 0% used [0x00000007d6800000,0x00000007d6800000,0x00000007da700000)
  from space 5120K, 0% used [0x00000007da700000,0x00000007da700000,0x00000007dac00000)
  to   space 5120K, 0% used [0x00000007deb00000,0x00000007deb00000,0x00000007df000000)
 ParOldGen       total 221184K, used 110900K [0x0000000783800000, 0x0000000791000000, 0x00000007d6800000)
  object space 221184K, 50% used [0x0000000783800000,0x000000078a44d018,0x0000000791000000)
 PSPermGen       total 21504K, used 2448K [0x000000077e600000, 0x000000077fb00000, 0x0000000783800000)
  object space 21504K, 11% used [0x000000077e600000,0x000000077e864170,0x000000077fb00000)
}
Event: 0,697 GC heap before
{Heap before GC invocations=5 (full 1):
 PSYoungGen      total 69632K, used 64512K [0x00000007d6800000, 0x00000007df000000, 0x0000000800000000)
  eden space 64512K, 100% used [0x00000007d6800000,0x00000007da700000,0x00000007da700000)
  from space 5120K, 0% used [0x00000007da700000,0x00000007da700000,0x00000007dac00000)
  to   space 5120K, 0% used [0x00000007deb00000,0x00000007deb00000,0x00000007df000000)
 ParOldGen       total 221184K, used 110900K [0x0000000783800000, 0x0000000791000000, 0x00000007d6800000)
  object space 221184K, 50% used [0x0000000783800000,0x000000078a44d018,0x0000000791000000)
 PSPermGen       total 21504K, used 2448K [0x000000077e600000, 0x000000077fb00000, 0x0000000783800000)
  object space 21504K, 11% used [0x000000077e600000,0x000000077e864170,0x000000077fb00000)
Event: 0,987 GC heap after
Heap after GC invocations=5 (full 1):
 PSYoungGen      total 102400K, used 5120K [0x00000007d6800000, 0x00000007df000000, 0x0000000800000000)
  eden space 97280K, 0% used [0x00000007d6800000,0x00000007d6800000,0x00000007dc700000)
  from space 5120K, 100% used [0x00000007deb00000,0x00000007df000000,0x00000007df000000)
  to   space 5120K, 0% used [0x00000007de600000,0x00000007de600000,0x00000007deb00000)
 ParOldGen       total 221184K, used 170516K [0x0000000783800000, 0x0000000791000000, 0x00000007d6800000)
  object space 221184K, 77% used [0x0000000783800000,0x000000078de85028,0x0000000791000000)
 PSPermGen       total 21504K, used 2448K [0x000000077e600000, 0x000000077fb00000, 0x0000000783800000)
  object space 21504K, 11% used [0x000000077e600000,0x000000077e864170,0x000000077fb00000)
}
Event: 0,987 GC heap before
{Heap before GC invocations=6 (full 2):
 PSYoungGen      total 102400K, used 5120K [0x00000007d6800000, 0x00000007df000000, 0x0000000800000000)
  eden space 97280K, 0% used [0x00000007d6800000,0x00000007d6800000,0x00000007dc700000)
  from space 5120K, 100% used [0x00000007deb00000,0x00000007df000000,0x00000007df000000)
  to   space 5120K, 0% used [0x00000007de600000,0x00000007de600000,0x00000007deb00000)
 ParOldGen       total 221184K, used 170516K [0x0000000783800000, 0x0000000791000000, 0x00000007d6800000)
  object space 221184K, 77% used [0x0000000783800000,0x000000078de85028,0x0000000791000000)
 PSPermGen       total 21504K, used 2448K [0x000000077e600000, 0x000000077fb00000, 0x0000000783800000)
  object space 21504K, 11% used [0x000000077e600000,0x000000077e864170,0x000000077fb00000)
Event: 1,343 GC heap after
Heap after GC invocations=6 (full 2):
 PSYoungGen      total 102400K, used 0K [0x00000007d6800000, 0x00000007df000000, 0x0000000800000000)
  eden space 97280K, 0% used [0x00000007d6800000,0x00000007d6800000,0x00000007dc700000)
  from space 5120K, 0% used [0x00000007deb00000,0x00000007deb00000,0x00000007df000000)
  to   space 5120K, 0% used [0x00000007de600000,0x00000007de600000,0x00000007deb00000)
 ParOldGen       total 318464K, used 171314K [0x0000000783800000, 0x0000000796f00000, 0x00000007d6800000)
  object space 318464K, 53% used [0x0000000783800000,0x000000078df4ca68,0x0000000796f00000)
 PSPermGen       total 21504K, used 2448K [0x000000077e600000, 0x000000077fb00000, 0x0000000783800000)
  object space 21504K, 11% used [0x000000077e600000,0x000000077e864170,0x000000077fb00000)
}
Event: 1,406 GC heap before
{Heap before GC invocations=7 (full 2):
 PSYoungGen      total 102400K, used 97280K [0x00000007d6800000, 0x00000007df000000, 0x0000000800000000)
  eden space 97280K, 100% used [0x00000007d6800000,0x00000007dc700000,0x00000007dc700000)
  from space 5120K, 0% used [0x00000007deb00000,0x00000007deb00000,0x00000007df000000)
  to   space 5120K, 0% used [0x00000007de600000,0x00000007de600000,0x00000007deb00000)
 ParOldGen       total 318464K, used 171314K [0x0000000783800000, 0x0000000796f00000, 0x00000007d6800000)
  object space 318464K, 53% used [0x0000000783800000,0x000000078df4ca68,0x0000000796f00000)
 PSPermGen       total 21504K, used 2448K [0x000000077e600000, 0x000000077fb00000, 0x0000000783800000)
  object space 21504K, 11% used [0x000000077e600000,0x000000077e864170,0x000000077fb00000)
Event: 1,734 GC heap after
Heap after GC invocations=7 (full 2):
 PSYoungGen      total 134144K, used 5120K [0x00000007d6800000, 0x00000007ec700000, 0x0000000800000000)
  eden space 129024K, 0% used [0x00000007d6800000,0x00000007d6800000,0x00000007de600000)
  from space 5120K, 100% used [0x00000007de600000,0x00000007deb00000,0x00000007deb00000)
  to   space 107008K, 0% used [0x00000007e5e80000,0x00000007e5e80000,0x00000007ec700000)
 ParOldGen       total 318464K, used 263738K [0x0000000783800000, 0x0000000796f00000, 0x00000007d6800000)
  object space 318464K, 82% used [0x0000000783800000,0x000000079398ea88,0x0000000796f00000)
 PSPermGen       total 21504K, used 2448K [0x000000077e600000, 0x000000077fb00000, 0x0000000783800000)
  object space 21504K, 11% used [0x000000077e600000,0x000000077e864170,0x000000077fb00000)
}
Event: 1,734 GC heap before
{Heap before GC invocations=8 (full 3):
 PSYoungGen      total 134144K, used 5120K [0x00000007d6800000, 0x00000007ec700000, 0x0000000800000000)
  eden space 129024K, 0% used [0x00000007d6800000,0x00000007d6800000,0x00000007de600000)
  from space 5120K, 100% used [0x00000007de600000,0x00000007deb00000,0x00000007deb00000)
  to   space 107008K, 0% used [0x00000007e5e80000,0x00000007e5e80000,0x00000007ec700000)
 ParOldGen       total 318464K, used 263738K [0x0000000783800000, 0x0000000796f00000, 0x00000007d6800000)
  object space 318464K, 82% used [0x0000000783800000,0x000000079398ea88,0x0000000796f00000)
 PSPermGen       total 21504K, used 2448K [0x000000077e600000, 0x000000077fb00000, 0x0000000783800000)
  object space 21504K, 11% used [0x000000077e600000,0x000000077e864170,0x000000077fb00000)
Event: 2,404 GC heap after
Heap after GC invocations=8 (full 3):
 PSYoungGen      total 134144K, used 0K [0x00000007d6800000, 0x00000007ec700000, 0x0000000800000000)
  eden space 129024K, 0% used [0x00000007d6800000,0x00000007d6800000,0x00000007de600000)
  from space 5120K, 0% used [0x00000007de600000,0x00000007de600000,0x00000007deb00000)
  to   space 107008K, 0% used [0x00000007e5e80000,0x00000007e5e80000,0x00000007ec700000)
 ParOldGen       total 451072K, used 252120K [0x0000000783800000, 0x000000079f080000, 0x00000007d6800000)
  object space 451072K, 55% used [0x0000000783800000,0x0000000792e36108,0x000000079f080000)
 PSPermGen       total 21504K, used 2448K [0x000000077e600000, 0x000000077fb00000, 0x0000000783800000)
  object space 21504K, 11% used [0x000000077e600000,0x000000077e864170,0x000000077fb00000)
}
Event: 2,513 GC heap before
{Heap before GC invocations=9 (full 3):
 PSYoungGen      total 134144K, used 129024K [0x00000007d6800000, 0x00000007ec700000, 0x0000000800000000)
  eden space 129024K, 100% used [0x00000007d6800000,0x00000007de600000,0x00000007de600000)
  from space 5120K, 0% used [0x00000007de600000,0x00000007de600000,0x00000007deb00000)
  to   space 107008K, 0% used [0x00000007e5e80000,0x00000007e5e80000,0x00000007ec700000)
 ParOldGen       total 451072K, used 252120K [0x0000000783800000, 0x000000079f080000, 0x00000007d6800000)
  object space 451072K, 55% used [0x0000000783800000,0x0000000792e36108,0x000000079f080000)
 PSPermGen       total 21504K, used 2448K [0x000000077e600000, 0x000000077fb00000, 0x0000000783800000)
  object space 21504K, 11% used [0x000000077e600000,0x000000077e864170,0x000000077fb00000)

