# JRE version: Java(TM) SE Runtime Environment (7.0_80-b15) (build 1.7.0_80-b15)
# Java VM: Java HotSpot(TM) 64-Bit Server VM (24.80-b11 mixed mode linux-amd64 compressed oops)
Heap
 PSYoungGen      total 114688K, used 5120K [0x00000007d6800000, 0x00000007df000000, 0x0000000800000000)
  eden space 109568K, 0% used [0x00000007d6800000,0x00000007d6800000,0x00000007dd300000)
  from space 5120K, 100% used [0x00000007de600000,0x00000007deb00000,0x00000007deb00000)
  to   space 5120K, 0% used [0x00000007deb00000,0x00000007deb00000,0x00000007df000000)
 ParOldGen       total 293376K, used 267802K [0x0000000783800000, 0x0000000795680000, 0x00000007d6800000)
  object space 293376K, 91% used [0x0000000783800000,0x0000000793d86958,0x0000000795680000)
 PSPermGen       total 21504K, used 2447K [0x000000077e600000, 0x000000077fb00000, 0x0000000783800000)
  object space 21504K, 11% used [0x000000077e600000,0x000000077e863f40,0x000000077fb00000)
GC Heap History (10 events):
Event: 0,252 GC heap after
Heap after GC invocations=2 (full 0):
 PSYoungGen      total 69632K, used 5088K [0x00000007d6800000, 0x00000007db100000, 0x0000000800000000)
  eden space 64512K, 0% used [0x00000007d6800000,0x00000007d6800000,0x00000007da700000)
  from space 5120K, 99% used [0x00000007dac00000,0x00000007db0f8040,0x00000007db100000)
  to   space 5120K, 0% used [0x00000007da700000,0x00000007da700000,0x00000007dac00000)
 ParOldGen       total 84992K, used 48648K [0x0000000783800000, 0x0000000788b00000, 0x00000007d6800000)
  object space 84992K, 57% used [0x0000000783800000,0x0000000786782000,0x0000000788b00000)
 PSPermGen       total 21504K, used 2448K [0x000000077e600000, 0x000000077fb00000, 0x0000000783800000)
  object space 21504K, 11% used [0x000000077e600000,0x000000077e8642a0,0x000000077fb00000)
}
Event: 0,294 GC heap before
{Heap before GC invocations=3 (full 0):
 PSYoungGen      total 69632K, used 63302K [0x00000007d6800000, 0x00000007db100000, 0x0000000800000000)
  eden space 64512K, 90% used [0x00000007d6800000,0x00000007da0d9868,0x00000007da700000)
  from space 5120K, 99% used [0x00000007dac00000,0x00000007db0f8040,0x00000007db100000)
  to   space 5120K, 0% used [0x00000007da700000,0x00000007da700000,0x00000007dac00000)
 ParOldGen       total 84992K, used 48648K [0x0000000783800000, 0x0000000788b00000, 0x00000007d6800000)
  object space 84992K, 57% used [0x0000000783800000,0x0000000786782000,0x0000000788b00000)
 PSPermGen       total 21504K, used 2448K [0x000000077e600000, 0x000000077fb00000, 0x0000000783800000)
  object space 21504K, 11% used [0x000000077e600000,0x000000077e8642a0,0x000000077fb00000)
Event: 3,366 GC heap after
Heap after GC invocations=3 (full 0):
 PSYoungGen      total 69632K, used 5088K [0x00000007d6800000, 0x00000007df000000, 0x0000000800000000)
  eden space 64512K, 0% used [0x00000007d6800000,0x00000007d6800000,0x00000007da700000)
  from space 5120K, 99% used [0x00000007da700000,0x00000007dabf8030,0x00000007dac00000)
  to   space 5120K, 0% used [0x00000007deb00000,0x00000007deb00000,0x00000007df000000)
 ParOldGen       total 102400K, used 102112K [0x0000000783800000, 0x0000000789c00000, 0x00000007d6800000)
  object space 102400K, 99% used [0x0000000783800000,0x0000000789bb8010,0x0000000789c00000)
 PSPermGen       total 21504K, used 2448K [0x000000077e600000, 0x000000077fb00000, 0x0000000783800000)
  object space 21504K, 11% used [0x000000077e600000,0x000000077e8642a0,0x000000077fb00000)
}
Event: 3,629 GC heap before
{Heap before GC invocations=4 (full 1):
 PSYoungGen      total 69632K, used 5088K [0x00000007d6800000, 0x00000007df000000, 0x0000000800000000)
  eden space 64512K, 0% used [0x00000007d6800000,0x00000007d6800000,0x00000007da700000)
  from space 5120K, 99% used [0x00000007da700000,0x00000007dabf8030,0x00000007dac00000)
  to   space 5120K, 0% used [0x00000007deb00000,0x00000007deb00000,0x00000007df000000)
 ParOldGen       total 102400K, used 102112K [0x0000000783800000, 0x0000000789c00000, 0x00000007d6800000)
  object space 102400K, 99% used [0x0000000783800000,0x0000000789bb8010,0x0000000789c00000)
 PSPermGen       total 21504K, used 2448K [0x000000077e600000, 0x000000077fb00000, 0x0000000783800000)
  object space 21504K, 11% used [0x000000077e600000,0x000000077e8642a0,0x000000077fb00000)
Event: 4,590 GC heap after
Heap after GC invocations=4 (full 1):
 PSYoungGen      total 69632K, used 5087K [0x00000007d6800000, 0x00000007df000000, 0x0000000800000000)
  eden space 64512K, 0% used [0x00000007d6800000,0x00000007d6800000,0x00000007da700000)
  from space 5120K, 99% used [0x00000007da700000,0x00000007dabf7c08,0x00000007dac00000)
  to   space 5120K, 0% used [0x00000007deb00000,0x00000007deb00000,0x00000007df000000)
 ParOldGen       total 198144K, used 101628K [0x0000000783800000, 0x000000078f980000, 0x00000007d6800000)
  object space 198144K, 51% used [0x0000000783800000,0x0000000789b3f380,0x000000078f980000)
 PSPermGen       total 21504K, used 2447K [0x000000077e600000, 0x000000077fb00000, 0x0000000783800000)
  object space 21504K, 11% used [0x000000077e600000,0x000000077e863f40,0x000000077fb00000)
}
Event: 4,885 GC heap before
{Heap before GC invocations=5 (full 1):
 PSYoungGen      total 69632K, used 69599K [0x00000007d6800000, 0x00000007df000000, 0x0000000800000000)
  eden space 64512K, 100% used [0x00000007d6800000,0x00000007da700000,0x00000007da700000)
  from space 5120K, 99% used [0x00000007da700000,0x00000007dabf7c08,0x00000007dac00000)
  to   space 5120K, 0% used [0x00000007deb00000,0x00000007deb00000,0x00000007df000000)
 ParOldGen       total 198144K, used 101628K [0x0000000783800000, 0x000000078f980000, 0x00000007d6800000)
  object space 198144K, 51% used [0x0000000783800000,0x0000000789b3f380,0x000000078f980000)
 PSPermGen       total 21504K, used 2447K [0x000000077e600000, 0x000000077fb00000, 0x0000000783800000)
  object space 21504K, 11% used [0x000000077e600000,0x000000077e863f40,0x000000077fb00000)
Event: 4,971 GC heap after
Heap after GC invocations=5 (full 1):
 PSYoungGen      total 114688K, used 5104K [0x00000007d6800000, 0x00000007df000000, 0x0000000800000000)
  eden space 109568K, 0% used [0x00000007d6800000,0x00000007d6800000,0x00000007dd300000)
  from space 5120K, 99% used [0x00000007deb00000,0x00000007deffc010,0x00000007df000000)
  to   space 5120K, 0% used [0x00000007de600000,0x00000007de600000,0x00000007deb00000)
 ParOldGen       total 198144K, used 162228K [0x0000000783800000, 0x000000078f980000, 0x00000007d6800000)
  object space 198144K, 81% used [0x0000000783800000,0x000000078d66d3a0,0x000000078f980000)
 PSPermGen       total 21504K, used 2447K [0x000000077e600000, 0x000000077fb00000, 0x0000000783800000)
  object space 21504K, 11% used [0x000000077e600000,0x000000077e863f40,0x000000077fb00000)
}
Event: 4,971 GC heap before
{Heap before GC invocations=6 (full 2):
 PSYoungGen      total 114688K, used 5104K [0x00000007d6800000, 0x00000007df000000, 0x0000000800000000)
  eden space 109568K, 0% used [0x00000007d6800000,0x00000007d6800000,0x00000007dd300000)
  from space 5120K, 99% used [0x00000007deb00000,0x00000007deffc010,0x00000007df000000)
  to   space 5120K, 0% used [0x00000007de600000,0x00000007de600000,0x00000007deb00000)
 ParOldGen       total 198144K, used 162228K [0x0000000783800000, 0x000000078f980000, 0x00000007d6800000)
  object space 198144K, 81% used [0x0000000783800000,0x000000078d66d3a0,0x000000078f980000)
 PSPermGen       total 21504K, used 2447K [0x000000077e600000, 0x000000077fb00000, 0x0000000783800000)
  object space 21504K, 11% used [0x000000077e600000,0x000000077e863f40,0x000000077fb00000)
Event: 5,436 GC heap after
Heap after GC invocations=6 (full 2):
 PSYoungGen      total 114688K, used 0K [0x00000007d6800000, 0x00000007df000000, 0x0000000800000000)
  eden space 109568K, 0% used [0x00000007d6800000,0x00000007d6800000,0x00000007dd300000)
  from space 5120K, 0% used [0x00000007deb00000,0x00000007deb00000,0x00000007df000000)
  to   space 5120K, 0% used [0x00000007de600000,0x00000007de600000,0x00000007deb00000)
 ParOldGen       total 293376K, used 163034K [0x0000000783800000, 0x0000000795680000, 0x00000007d6800000)
  object space 293376K, 55% used [0x0000000783800000,0x000000078d736938,0x0000000795680000)
 PSPermGen       total 21504K, used 2447K [0x000000077e600000, 0x000000077fb00000, 0x0000000783800000)
  object space 21504K, 11% used [0x000000077e600000,0x000000077e863f40,0x000000077fb00000)
}
Event: 5,512 GC heap before
{Heap before GC invocations=7 (full 2):
 PSYoungGen      total 114688K, used 109568K [0x00000007d6800000, 0x00000007df000000, 0x0000000800000000)
  eden space 109568K, 100% used [0x00000007d6800000,0x00000007dd300000,0x00000007dd300000)
  from space 5120K, 0% used [0x00000007deb00000,0x00000007deb00000,0x00000007df000000)
  to   space 5120K, 0% used [0x00000007de600000,0x00000007de600000,0x00000007deb00000)
 ParOldGen       total 293376K, used 163034K [0x0000000783800000, 0x0000000795680000, 0x00000007d6800000)
  object space 293376K, 55% used [0x0000000783800000,0x000000078d736938,0x0000000795680000)
 PSPermGen       total 21504K, used 2447K [0x000000077e600000, 0x000000077fb00000, 0x0000000783800000)
  object space 21504K, 11% used [0x000000077e600000,0x000000077e863f40,0x000000077fb00000)

